
 __________________________________________________________________________
 Running FIELD
 Sums modes, producing pressure

 Point source
 Range-independent calculation

 Number of profiles   =            1
   0.00000    

 Number of receiver ranges =            1
 Receiver ranges (km)
   5.80000    

 __________________________________________________________________________


 Number of source   depths =            1
 Source depths (m)
   79.0000    

 Number of receiver depths =           48
 Receiver depths (m)
   18.7000       20.7000       22.7000       24.7000       26.7000    
   28.7000       30.7000       32.7000       34.7000       36.7000    
   38.7000       40.7000       42.7000       44.7000       46.7000    
   48.7000       50.7000       52.7000       54.7000       56.7000    
   58.7000    
  ...    112.699997    
 Nrr, Nrd =            1          48

 *** WARNING ***
 Generated by program or subroutine: FIELD
 Nrr being set to Nrd


 Number of receiver range offsets =           48
 Receiver range offsets (km)
   0.00000       0.00000       0.00000       0.00000       0.00000    
   0.00000       0.00000       0.00000       0.00000       0.00000    
   0.00000       0.00000       0.00000       0.00000       0.00000    
   0.00000       0.00000       0.00000       0.00000       0.00000    
   0.00000    
  ...    0.00000000    

 Field completed successfully
